{
"/home/frank/Documents/112/cse112_oldproj/lib/auth.js":{"path":"/home/frank/Documents/112/cse112_oldproj/lib/auth.js","s":{"1":0,"2":0,"3":0,"4":0,"5":0,"6":0,"7":1,"8":0,"9":0,"10":0,"11":0,"12":0,"13":0,"14":0,"15":0,"16":0,"17":0,"18":0,"19":0,"20":0,"21":0,"22":0,"23":0,"24":0,"25":0,"26":0,"27":0,"28":0,"29":0,"30":0,"31":1,"32":0,"33":0,"34":0,"35":0,"36":0,"37":0,"38":0},"b":{"1":[0,0],"2":[0,0],"3":[0,0],"4":[0,0],"5":[0,0],"6":[0,0],"7":[0,0],"8":[0,0],"9":[0,0]},"f":{"1":0,"2":0,"3":0,"4":0,"5":0,"6":0,"7":0,"8":0},"fnMap":{"1":{"name":"(anonymous_1)","line":3,"loc":{"start":{"line":3,"column":23},"end":{"line":3,"column":43}}},"2":{"name":"(anonymous_2)","line":13,"loc":{"start":{"line":13,"column":24},"end":{"line":13,"column":64}}},"3":{"name":"isValidToken","line":25,"loc":{"start":{"line":25,"column":0},"end":{"line":25,"column":42}}},"4":{"name":"(anonymous_4)","line":36,"loc":{"start":{"line":36,"column":46},"end":{"line":36,"column":70}}},"5":{"name":"(anonymous_5)","line":59,"loc":{"start":{"line":59,"column":24},"end":{"line":59,"column":58}}},"6":{"name":"(anonymous_6)","line":63,"loc":{"start":{"line":63,"column":38},"end":{"line":63,"column":61}}},"7":{"name":"isAuthenticated","line":85,"loc":{"start":{"line":85,"column":0},"end":{"line":85,"column":41}}},"8":{"name":"(anonymous_8)","line":86,"loc":{"start":{"line":86,"column":52},"end":{"line":86,"column":70}}}},"statementMap":{"1":{"start":{"line":1,"column":0},"end":{"line":1,"column":38}},"2":{"start":{"line":2,"column":0},"end":{"line":2,"column":29}},"3":{"start":{"line":3,"column":0},"end":{"line":5,"column":2}},"4":{"start":{"line":4,"column":4},"end":{"line":4,"column":66}},"5":{"start":{"line":13,"column":0},"end":{"line":15,"column":2}},"6":{"start":{"line":14,"column":4},"end":{"line":14,"column":61}},"7":{"start":{"line":25,"column":0},"end":{"line":48,"column":1}},"8":{"start":{"line":26,"column":4},"end":{"line":26,"column":39}},"9":{"start":{"line":26,"column":21},"end":{"line":26,"column":38}},"10":{"start":{"line":27,"column":4},"end":{"line":27,"column":40}},"11":{"start":{"line":30,"column":4},"end":{"line":32,"column":5}},"12":{"start":{"line":31,"column":8},"end":{"line":31,"column":25}},"13":{"start":{"line":34,"column":4},"end":{"line":34,"column":27}},"14":{"start":{"line":36,"column":4},"end":{"line":47,"column":7}},"15":{"start":{"line":37,"column":8},"end":{"line":40,"column":9}},"16":{"start":{"line":38,"column":12},"end":{"line":38,"column":51}},"17":{"start":{"line":39,"column":12},"end":{"line":39,"column":29}},"18":{"start":{"line":42,"column":8},"end":{"line":44,"column":9}},"19":{"start":{"line":43,"column":12},"end":{"line":43,"column":29}},"20":{"start":{"line":46,"column":8},"end":{"line":46,"column":20}},"21":{"start":{"line":59,"column":0},"end":{"line":75,"column":2}},"22":{"start":{"line":60,"column":4},"end":{"line":60,"column":19}},"23":{"start":{"line":61,"column":4},"end":{"line":61,"column":40}},"24":{"start":{"line":63,"column":4},"end":{"line":74,"column":7}},"25":{"start":{"line":64,"column":8},"end":{"line":66,"column":9}},"26":{"start":{"line":65,"column":12},"end":{"line":65,"column":60}},"27":{"start":{"line":67,"column":8},"end":{"line":72,"column":9}},"28":{"start":{"line":68,"column":12},"end":{"line":68,"column":30}},"29":{"start":{"line":71,"column":12},"end":{"line":71,"column":34}},"30":{"start":{"line":73,"column":6},"end":{"line":73,"column":21}},"31":{"start":{"line":85,"column":0},"end":{"line":95,"column":1}},"32":{"start":{"line":86,"column":4},"end":{"line":94,"column":7}},"33":{"start":{"line":87,"column":8},"end":{"line":92,"column":9}},"34":{"start":{"line":88,"column":12},"end":{"line":88,"column":33}},"35":{"start":{"line":90,"column":12},"end":{"line":90,"column":40}},"36":{"start":{"line":91,"column":12},"end":{"line":91,"column":26}},"37":{"start":{"line":97,"column":0},"end":{"line":97,"column":36}},"38":{"start":{"line":98,"column":0},"end":{"line":98,"column":42}}},"branchMap":{"1":{"line":26,"type":"if","locations":[{"start":{"line":26,"column":4},"end":{"line":26,"column":4}},{"start":{"line":26,"column":4},"end":{"line":26,"column":4}}]},"2":{"line":30,"type":"if","locations":[{"start":{"line":30,"column":4},"end":{"line":30,"column":4}},{"start":{"line":30,"column":4},"end":{"line":30,"column":4}}]},"3":{"line":30,"type":"binary-expr","locations":[{"start":{"line":30,"column":8},"end":{"line":30,"column":28}},{"start":{"line":30,"column":32},"end":{"line":30,"column":54}}]},"4":{"line":37,"type":"if","locations":[{"start":{"line":37,"column":8},"end":{"line":37,"column":8}},{"start":{"line":37,"column":8},"end":{"line":37,"column":8}}]},"5":{"line":42,"type":"if","locations":[{"start":{"line":42,"column":8},"end":{"line":42,"column":8}},{"start":{"line":42,"column":8},"end":{"line":42,"column":8}}]},"6":{"line":64,"type":"if","locations":[{"start":{"line":64,"column":8},"end":{"line":64,"column":8}},{"start":{"line":64,"column":8},"end":{"line":64,"column":8}}]},"7":{"line":67,"type":"if","locations":[{"start":{"line":67,"column":8},"end":{"line":67,"column":8}},{"start":{"line":67,"column":8},"end":{"line":67,"column":8}}]},"8":{"line":67,"type":"binary-expr","locations":[{"start":{"line":67,"column":11},"end":{"line":67,"column":20}},{"start":{"line":67,"column":24},"end":{"line":67,"column":75}}]},"9":{"line":87,"type":"if","locations":[{"start":{"line":87,"column":8},"end":{"line":87,"column":8}},{"start":{"line":87,"column":8},"end":{"line":87,"column":8}}]}},"l":{"1":0,"2":0,"3":0,"4":0,"13":0,"14":0,"25":1,"26":0,"27":0,"30":0,"31":0,"34":0,"36":0,"37":0,"38":0,"39":0,"42":0,"43":0,"46":0,"59":0,"60":0,"61":0,"63":0,"64":0,"65":0,"67":0,"68":0,"71":0,"73":0,"85":1,"86":0,"87":0,"88":0,"90":0,"91":0,"97":0,"98":0}},
"/home/frank/Documents/112/cse112_oldproj/lib/messageTracker.js":{"path":"/home/frank/Documents/112/cse112_oldproj/lib/messageTracker.js","s":{"1":0,"2":0,"3":0,"4":0,"5":0,"6":0,"7":0,"8":0,"9":0,"10":0,"11":0,"12":0,"13":0,"14":0,"15":0,"16":0,"17":0,"18":0,"19":0,"20":0,"21":0,"22":0,"23":0,"24":0,"25":0,"26":0,"27":0,"28":0,"29":0,"30":0,"31":0,"32":0,"33":0,"34":0,"35":0,"36":0,"37":0,"38":0},"b":{},"f":{"1":0,"2":0,"3":0,"4":0,"5":0,"6":0,"7":0,"8":0,"9":0,"10":0,"11":0,"12":0,"13":0,"14":0,"15":0},"fnMap":{"1":{"name":"(anonymous_1)","line":11,"loc":{"start":{"line":11,"column":18},"end":{"line":11,"column":46}}},"2":{"name":"(anonymous_2)","line":19,"loc":{"start":{"line":19,"column":20},"end":{"line":19,"column":40}}},"3":{"name":"(anonymous_3)","line":27,"loc":{"start":{"line":27,"column":20},"end":{"line":27,"column":40}}},"4":{"name":"(anonymous_4)","line":32,"loc":{"start":{"line":32,"column":16},"end":{"line":32,"column":47}}},"5":{"name":"(anonymous_5)","line":36,"loc":{"start":{"line":36,"column":15},"end":{"line":36,"column":35}}},"6":{"name":"(anonymous_6)","line":42,"loc":{"start":{"line":42,"column":17},"end":{"line":42,"column":48}}},"7":{"name":"(anonymous_7)","line":46,"loc":{"start":{"line":46,"column":14},"end":{"line":46,"column":34}}},"8":{"name":"(anonymous_8)","line":50,"loc":{"start":{"line":50,"column":24},"end":{"line":50,"column":44}}},"9":{"name":"(anonymous_9)","line":57,"loc":{"start":{"line":57,"column":18},"end":{"line":57,"column":38}}},"10":{"name":"(anonymous_10)","line":62,"loc":{"start":{"line":62,"column":12},"end":{"line":62,"column":38}}},"11":{"name":"(anonymous_11)","line":67,"loc":{"start":{"line":67,"column":12},"end":{"line":67,"column":39}}},"12":{"name":"(anonymous_12)","line":72,"loc":{"start":{"line":72,"column":15},"end":{"line":72,"column":35}}},"13":{"name":"(anonymous_13)","line":77,"loc":{"start":{"line":77,"column":28},"end":{"line":77,"column":65}}},"14":{"name":"(anonymous_14)","line":81,"loc":{"start":{"line":81,"column":27},"end":{"line":81,"column":47}}},"15":{"name":"(anonymous_15)","line":85,"loc":{"start":{"line":85,"column":24},"end":{"line":85,"column":44}}}},"statementMap":{"1":{"start":{"line":1,"column":0},"end":{"line":1,"column":27}},"2":{"start":{"line":2,"column":0},"end":{"line":2,"column":36}},"3":{"start":{"line":3,"column":0},"end":{"line":3,"column":31}},"4":{"start":{"line":5,"column":0},"end":{"line":88,"column":1}},"5":{"start":{"line":12,"column":4},"end":{"line":12,"column":66}},"6":{"start":{"line":13,"column":4},"end":{"line":13,"column":43}},"7":{"start":{"line":14,"column":4},"end":{"line":14,"column":40}},"8":{"start":{"line":15,"column":4},"end":{"line":15,"column":28}},"9":{"start":{"line":16,"column":4},"end":{"line":16,"column":37}},"10":{"start":{"line":20,"column":4},"end":{"line":20,"column":35}},"11":{"start":{"line":21,"column":4},"end":{"line":21,"column":28}},"12":{"start":{"line":22,"column":4},"end":{"line":22,"column":38}},"13":{"start":{"line":23,"column":4},"end":{"line":23,"column":21}},"14":{"start":{"line":24,"column":4},"end":{"line":24,"column":15}},"15":{"start":{"line":28,"column":4},"end":{"line":28,"column":59}},"16":{"start":{"line":29,"column":4},"end":{"line":29,"column":36}},"17":{"start":{"line":33,"column":4},"end":{"line":33,"column":41}},"18":{"start":{"line":37,"column":4},"end":{"line":37,"column":51}},"19":{"start":{"line":38,"column":4},"end":{"line":38,"column":33}},"20":{"start":{"line":39,"column":4},"end":{"line":39,"column":42}},"21":{"start":{"line":43,"column":4},"end":{"line":43,"column":41}},"22":{"start":{"line":47,"column":4},"end":{"line":47,"column":36}},"23":{"start":{"line":51,"column":4},"end":{"line":51,"column":57}},"24":{"start":{"line":52,"column":4},"end":{"line":52,"column":57}},"25":{"start":{"line":53,"column":4},"end":{"line":53,"column":42}},"26":{"start":{"line":54,"column":4},"end":{"line":54,"column":36}},"27":{"start":{"line":58,"column":4},"end":{"line":58,"column":61}},"28":{"start":{"line":59,"column":4},"end":{"line":59,"column":44}},"29":{"start":{"line":63,"column":6},"end":{"line":63,"column":65}},"30":{"start":{"line":64,"column":6},"end":{"line":64,"column":48}},"31":{"start":{"line":68,"column":4},"end":{"line":68,"column":32}},"32":{"start":{"line":69,"column":4},"end":{"line":69,"column":49}},"33":{"start":{"line":73,"column":4},"end":{"line":73,"column":33}},"34":{"start":{"line":74,"column":4},"end":{"line":74,"column":41}},"35":{"start":{"line":78,"column":4},"end":{"line":78,"column":48}},"36":{"start":{"line":82,"column":4},"end":{"line":82,"column":37}},"37":{"start":{"line":86,"column":4},"end":{"line":86,"column":37}},"38":{"start":{"line":90,"column":0},"end":{"line":90,"column":32}}},"branchMap":{},"l":{"1":0,"2":0,"3":0,"5":0,"12":0,"13":0,"14":0,"15":0,"16":0,"20":0,"21":0,"22":0,"23":0,"24":0,"28":0,"29":0,"33":0,"37":0,"38":0,"39":0,"43":0,"47":0,"51":0,"52":0,"53":0,"54":0,"58":0,"59":0,"63":0,"64":0,"68":0,"69":0,"73":0,"74":0,"78":0,"82":0,"86":0,"90":0}},
"/home/frank/Documents/112/cse112_oldproj/lib/sms.js":{"path":"/home/frank/Documents/112/cse112_oldproj/lib/sms.js","s":{"1":0,"2":0,"3":0,"4":0,"5":0,"6":0,"7":0,"8":0},"b":{"1":[0,0],"2":[0,0]},"f":{"1":0,"2":0},"fnMap":{"1":{"name":"(anonymous_1)","line":8,"loc":{"start":{"line":8,"column":19},"end":{"line":8,"column":44}}},"2":{"name":"(anonymous_2)","line":14,"loc":{"start":{"line":14,"column":7},"end":{"line":14,"column":35}}}},"statementMap":{"1":{"start":{"line":1,"column":0},"end":{"line":1,"column":34}},"2":{"start":{"line":3,"column":0},"end":{"line":6,"column":3}},"3":{"start":{"line":8,"column":0},"end":{"line":22,"column":2}},"4":{"start":{"line":9,"column":4},"end":{"line":21,"column":7}},"5":{"start":{"line":15,"column":8},"end":{"line":15,"column":38}},"6":{"start":{"line":16,"column":8},"end":{"line":20,"column":9}},"7":{"start":{"line":17,"column":12},"end":{"line":17,"column":17}},"8":{"start":{"line":19,"column":12},"end":{"line":19,"column":92}}},"branchMap":{"1":{"line":16,"type":"if","locations":[{"start":{"line":16,"column":8},"end":{"line":16,"column":8}},{"start":{"line":16,"column":8},"end":{"line":16,"column":8}}]},"2":{"line":16,"type":"binary-expr","locations":[{"start":{"line":16,"column":12},"end":{"line":16,"column":25}},{"start":{"line":16,"column":29},"end":{"line":16,"column":41}}]}},"l":{"1":0,"3":0,"8":0,"9":0,"15":0,"16":0,"17":0,"19":0}},
"/home/frank/Documents/112/cse112_oldproj/lib/style.js":{"path":"/home/frank/Documents/112/cse112_oldproj/lib/style.js","s":{"1":0,"2":0},"b":{},"f":{"1":0},"fnMap":{"1":{"name":"(anonymous_1)","line":1,"loc":{"start":{"line":1,"column":25},"end":{"line":1,"column":41}}}},"statementMap":{"1":{"start":{"line":1,"column":0},"end":{"line":3,"column":2}},"2":{"start":{"line":2,"column":4},"end":{"line":2,"column":79}}},"branchMap":{},"l":{"1":0,"2":0}}}
