TN:
SF:/Users/Guizus/Dev/cse112_oldproj/lib/auth.js
FN:3,(anonymous_1)
FN:13,(anonymous_2)
FN:25,isValidToken
FN:36,(anonymous_4)
FN:59,(anonymous_5)
FN:63,(anonymous_6)
FN:85,isAuthenticated
FN:86,(anonymous_8)
FNF:8
FNH:0
FNDA:0,(anonymous_1)
FNDA:0,(anonymous_2)
FNDA:0,isValidToken
FNDA:0,(anonymous_4)
FNDA:0,(anonymous_5)
FNDA:0,(anonymous_6)
FNDA:0,isAuthenticated
FNDA:0,(anonymous_8)
DA:1,0
DA:2,0
DA:3,0
DA:4,0
DA:13,0
DA:14,0
DA:25,1
DA:26,0
DA:27,0
DA:30,0
DA:31,0
DA:34,0
DA:36,0
DA:37,0
DA:38,0
DA:39,0
DA:42,0
DA:43,0
DA:46,0
DA:59,0
DA:60,0
DA:61,0
DA:63,0
DA:64,0
DA:65,0
DA:67,0
DA:68,0
DA:71,0
DA:73,0
DA:85,1
DA:86,0
DA:87,0
DA:88,0
DA:90,0
DA:91,0
DA:97,0
DA:98,0
LF:37
LH:2
BRDA:26,1,0,0
BRDA:26,1,1,0
BRDA:30,2,0,0
BRDA:30,2,1,0
BRDA:30,3,0,0
BRDA:30,3,1,0
BRDA:37,4,0,0
BRDA:37,4,1,0
BRDA:42,5,0,0
BRDA:42,5,1,0
BRDA:64,6,0,0
BRDA:64,6,1,0
BRDA:67,7,0,0
BRDA:67,7,1,0
BRDA:67,8,0,0
BRDA:67,8,1,0
BRDA:87,9,0,0
BRDA:87,9,1,0
BRF:18
BRH:0
end_of_record
TN:
SF:/Users/Guizus/Dev/cse112_oldproj/lib/sms.js
FN:8,(anonymous_1)
FN:14,(anonymous_2)
FNF:2
FNH:0
FNDA:0,(anonymous_1)
FNDA:0,(anonymous_2)
DA:1,0
DA:3,0
DA:8,0
DA:9,0
DA:15,0
DA:16,0
DA:17,0
DA:19,0
LF:8
LH:0
BRDA:16,1,0,0
BRDA:16,1,1,0
BRDA:16,2,0,0
BRDA:16,2,1,0
BRF:4
BRH:0
end_of_record
TN:
SF:/Users/Guizus/Dev/cse112_oldproj/lib/style.js
FN:1,(anonymous_1)
FNF:1
FNH:0
FNDA:0,(anonymous_1)
DA:1,0
DA:2,0
LF:2
LH:0
BRF:0
BRH:0
end_of_record
